0 verbose cli /usr/local/bin/node /usr/local/bin/npm
1 info using npm@11.8.0
2 info using node@v24.13.1
3 silly config load:file:/usr/local/lib/node_modules/npm/npmrc
4 silly config load:file:/Users/collab/dealflow/.npmrc
5 silly config load:file:/Users/collab/.npmrc
6 silly config load:file:/Users/collab/dealflow/etc/npmrc
7 verbose title npm install
8 verbose argv "install" "--cache" "/Users/collab/dealflow/.npm-cache" "--prefix" "/Users/collab/dealflow"
9 verbose logfile logs-max:10 dir:/Users/collab/dealflow/.npm-cache/_logs/2026-02-17T18_47_55_013Z-
10 verbose logfile /Users/collab/dealflow/.npm-cache/_logs/2026-02-17T18_47_55_013Z-debug-0.log
11 silly logfile done cleaning log files
12 silly packumentCache heap:4496293888 maxSize:1124073472 maxEntrySize:562036736
13 silly idealTree buildDeps
14 silly fetch manifest express@^4.18.2
15 silly packumentCache full:https://registry.npmjs.org/express cache-miss
16 http cache https://registry.npmjs.org/express 5ms (cache hit)
17 silly packumentCache full:https://registry.npmjs.org/express set size:801204 disposed:false
18 silly fetch manifest sql.js@^1.10.3
19 silly packumentCache full:https://registry.npmjs.org/sql.js cache-miss
20 http fetch GET 200 https://registry.npmjs.org/sql.js 121ms (cache miss)
21 silly packumentCache full:https://registry.npmjs.org/sql.js set size:undefined disposed:false
22 silly fetch manifest cors@^2.8.5
23 silly packumentCache full:https://registry.npmjs.org/cors cache-miss
24 http cache https://registry.npmjs.org/cors 4ms (cache hit)
25 silly packumentCache full:https://registry.npmjs.org/cors set size:77956 disposed:false
26 silly fetch manifest dotenv@^16.3.1
27 silly packumentCache full:https://registry.npmjs.org/dotenv cache-miss
28 http cache https://registry.npmjs.org/dotenv 2ms (cache hit)
29 silly packumentCache full:https://registry.npmjs.org/dotenv set size:270065 disposed:false
30 silly fetch manifest node-fetch@^2.7.0
31 silly packumentCache full:https://registry.npmjs.org/node-fetch cache-miss
32 http cache https://registry.npmjs.org/node-fetch 2ms (cache hit)
33 silly packumentCache full:https://registry.npmjs.org/node-fetch set size:896010 disposed:false
34 silly fetch manifest encoding@^0.1.0
35 silly packumentCache full:https://registry.npmjs.org/encoding cache-miss
36 http cache https://registry.npmjs.org/encoding 3ms (cache hit)
37 silly packumentCache full:https://registry.npmjs.org/encoding set size:17833 disposed:false
38 silly placeDep ROOT cors@2.8.6 OK for: dealflow@1.0.0 want: ^2.8.5
39 silly placeDep ROOT dotenv@16.6.1 OK for: dealflow@1.0.0 want: ^16.3.1
40 silly placeDep ROOT express@4.22.1 OK for: dealflow@1.0.0 want: ^4.18.2
41 silly placeDep ROOT node-fetch@2.7.0 OK for: dealflow@1.0.0 want: ^2.7.0
42 silly placeDep ROOT sql.js@1.14.0 OK for: dealflow@1.0.0 want: ^1.10.3
43 silly fetch manifest object-assign@^4
44 silly packumentCache full:https://registry.npmjs.org/object-assign cache-miss
45 silly fetch manifest vary@^1
46 silly packumentCache full:https://registry.npmjs.org/vary cache-miss
47 silly fetch manifest qs@~6.14.0
48 silly packumentCache full:https://registry.npmjs.org/qs cache-miss
49 silly fetch manifest depd@2.0.0
50 silly packumentCache full:https://registry.npmjs.org/depd cache-miss
51 silly fetch manifest etag@~1.8.1
52 silly packumentCache full:https://registry.npmjs.org/etag cache-miss
53 silly fetch manifest send@~0.19.0
54 silly packumentCache full:https://registry.npmjs.org/send cache-miss
55 silly fetch manifest vary@~1.1.2
56 silly packumentCache full:https://registry.npmjs.org/vary cache-miss
57 silly fetch manifest debug@2.6.9
58 silly packumentCache full:https://registry.npmjs.org/debug cache-miss
59 silly fetch manifest fresh@~0.5.2
60 silly packumentCache full:https://registry.npmjs.org/fresh cache-miss
61 http cache https://registry.npmjs.org/vary 5ms (cache hit)
62 silly packumentCache full:https://registry.npmjs.org/vary set size:16018 disposed:false
63 silly fetch manifest cookie@~0.7.1
64 silly packumentCache full:https://registry.npmjs.org/cookie cache-miss
65 http cache https://registry.npmjs.org/etag 6ms (cache hit)
66 silly packumentCache full:https://registry.npmjs.org/etag set size:30032 disposed:false
67 silly fetch manifest accepts@~1.3.8
68 silly packumentCache full:https://registry.npmjs.org/accepts cache-miss
69 http cache https://registry.npmjs.org/send 6ms (cache hit)
70 silly packumentCache full:https://registry.npmjs.org/send set size:152810 disposed:false
71 silly fetch manifest methods@~1.1.2
72 silly packumentCache full:https://registry.npmjs.org/methods cache-miss
73 http cache https://registry.npmjs.org/qs 11ms (cache hit)
74 silly packumentCache full:https://registry.npmjs.org/qs set size:350258 disposed:false
75 silly fetch manifest type-is@~1.6.18
76 silly packumentCache full:https://registry.npmjs.org/type-is cache-miss
77 http cache https://registry.npmjs.org/vary 14ms (cache hit)
78 silly packumentCache full:https://registry.npmjs.org/vary set size:16018 disposed:false
79 silly packumentCache full:https://registry.npmjs.org/vary dispose
80 silly fetch manifest parseurl@~1.3.3
81 silly packumentCache full:https://registry.npmjs.org/parseurl cache-miss
82 http cache https://registry.npmjs.org/object-assign 14ms (cache hit)
83 silly packumentCache full:https://registry.npmjs.org/object-assign set size:28988 disposed:false
84 silly fetch manifest statuses@~2.0.1
85 silly packumentCache full:https://registry.npmjs.org/statuses cache-miss
86 http cache https://registry.npmjs.org/debug 16ms (cache hit)
87 silly packumentCache full:https://registry.npmjs.org/debug set size:195840 disposed:false
88 silly fetch manifest encodeurl@~2.0.0
89 silly packumentCache full:https://registry.npmjs.org/encodeurl cache-miss
90 http cache https://registry.npmjs.org/fresh 19ms (cache hit)
91 silly packumentCache full:https://registry.npmjs.org/fresh set size:25427 disposed:false
92 silly fetch manifest proxy-addr@~2.0.7
93 silly packumentCache full:https://registry.npmjs.org/proxy-addr cache-miss
94 http cache https://registry.npmjs.org/depd 23ms (cache hit)
95 silly packumentCache full:https://registry.npmjs.org/depd set size:40182 disposed:false
96 silly fetch manifest body-parser@~1.20.3
97 silly packumentCache full:https://registry.npmjs.org/body-parser cache-miss
98 http cache https://registry.npmjs.org/encodeurl 10ms (cache hit)
99 silly packumentCache full:https://registry.npmjs.org/encodeurl set size:12296 disposed:false
100 silly fetch manifest escape-html@~1.0.3
101 silly packumentCache full:https://registry.npmjs.org/escape-html cache-miss
102 http cache https://registry.npmjs.org/methods 23ms (cache hit)
103 silly packumentCache full:https://registry.npmjs.org/methods set size:12600 disposed:false
104 silly fetch manifest http-errors@~2.0.0
105 silly packumentCache full:https://registry.npmjs.org/http-errors cache-miss
106 http cache https://registry.npmjs.org/accepts 24ms (cache hit)
107 silly packumentCache full:https://registry.npmjs.org/accepts set size:77054 disposed:false
108 silly fetch manifest on-finished@~2.4.1
109 silly packumentCache full:https://registry.npmjs.org/on-finished cache-miss
110 http cache https://registry.npmjs.org/parseurl 17ms (cache hit)
111 silly packumentCache full:https://registry.npmjs.org/parseurl set size:24148 disposed:false
112 silly fetch manifest safe-buffer@5.2.1
113 silly packumentCache full:https://registry.npmjs.org/safe-buffer cache-miss
114 http cache https://registry.npmjs.org/cookie 25ms (cache hit)
115 silly packumentCache full:https://registry.npmjs.org/cookie set size:72891 disposed:false
116 silly fetch manifest utils-merge@1.0.1
117 silly packumentCache full:https://registry.npmjs.org/utils-merge cache-miss
118 http cache https://registry.npmjs.org/type-is 19ms (cache hit)
119 silly packumentCache full:https://registry.npmjs.org/type-is set size:86196 disposed:false
120 silly fetch manifest content-type@~1.0.4
121 silly packumentCache full:https://registry.npmjs.org/content-type cache-miss
122 http cache https://registry.npmjs.org/body-parser 8ms (cache hit)
123 silly packumentCache full:https://registry.npmjs.org/body-parser set size:216830 disposed:false
124 silly fetch manifest finalhandler@~1.3.1
125 silly packumentCache full:https://registry.npmjs.org/finalhandler cache-miss
126 http cache https://registry.npmjs.org/statuses 20ms (cache hit)
127 silly packumentCache full:https://registry.npmjs.org/statuses set size:37117 disposed:false
128 silly fetch manifest range-parser@~1.2.1
129 silly packumentCache full:https://registry.npmjs.org/range-parser cache-miss
130 http cache https://registry.npmjs.org/proxy-addr 14ms (cache hit)
131 silly packumentCache full:https://registry.npmjs.org/proxy-addr set size:61619 disposed:false
132 silly fetch manifest serve-static@~1.16.2
133 silly packumentCache full:https://registry.npmjs.org/serve-static cache-miss
134 http cache https://registry.npmjs.org/escape-html 13ms (cache hit)
135 silly packumentCache full:https://registry.npmjs.org/escape-html set size:7345 disposed:false
136 silly fetch manifest array-flatten@1.1.1
137 silly packumentCache full:https://registry.npmjs.org/array-flatten cache-miss
138 http cache https://registry.npmjs.org/utils-merge 11ms (cache hit)
139 silly packumentCache full:https://registry.npmjs.org/utils-merge set size:5237 disposed:false
140 silly fetch manifest path-to-regexp@~0.1.12
141 silly packumentCache full:https://registry.npmjs.org/path-to-regexp cache-miss
142 http cache https://registry.npmjs.org/safe-buffer 13ms (cache hit)
143 silly packumentCache full:https://registry.npmjs.org/safe-buffer set size:41183 disposed:false
144 silly fetch manifest setprototypeof@1.2.0
145 silly packumentCache full:https://registry.npmjs.org/setprototypeof cache-miss
146 http cache https://registry.npmjs.org/on-finished 13ms (cache hit)
147 silly packumentCache full:https://registry.npmjs.org/on-finished set size:23212 disposed:false
148 silly fetch manifest cookie-signature@~1.0.6
149 silly packumentCache full:https://registry.npmjs.org/cookie-signature cache-miss
150 http cache https://registry.npmjs.org/content-type 13ms (cache hit)
151 silly packumentCache full:https://registry.npmjs.org/content-type set size:17311 disposed:false
152 silly fetch manifest merge-descriptors@1.0.3
153 silly packumentCache full:https://registry.npmjs.org/merge-descriptors cache-miss
154 http cache https://registry.npmjs.org/range-parser 11ms (cache hit)
155 silly packumentCache full:https://registry.npmjs.org/range-parser set size:22228 disposed:false
156 silly fetch manifest content-disposition@~0.5.4
157 silly packumentCache full:https://registry.npmjs.org/content-disposition cache-miss
158 http cache https://registry.npmjs.org/http-errors 17ms (cache hit)
159 silly packumentCache full:https://registry.npmjs.org/http-errors set size:71987 disposed:false
160 silly fetch manifest whatwg-url@^5.0.0
161 silly packumentCache full:https://registry.npmjs.org/whatwg-url cache-miss
162 http cache https://registry.npmjs.org/finalhandler 13ms (cache hit)
163 silly packumentCache full:https://registry.npmjs.org/finalhandler set size:79291 disposed:false
164 http cache https://registry.npmjs.org/serve-static 12ms (cache hit)
165 silly packumentCache full:https://registry.npmjs.org/serve-static set size:150391 disposed:false
166 http cache https://registry.npmjs.org/setprototypeof 7ms (cache hit)
167 silly packumentCache full:https://registry.npmjs.org/setprototypeof set size:14532 disposed:false
168 http cache https://registry.npmjs.org/path-to-regexp 9ms (cache hit)
169 silly packumentCache full:https://registry.npmjs.org/path-to-regexp set size:207142 disposed:false
170 http cache https://registry.npmjs.org/cookie-signature 8ms (cache hit)
171 silly packumentCache full:https://registry.npmjs.org/cookie-signature set size:21777 disposed:false
172 http cache https://registry.npmjs.org/array-flatten 11ms (cache hit)
173 silly packumentCache full:https://registry.npmjs.org/array-flatten set size:24005 disposed:false
174 http cache https://registry.npmjs.org/merge-descriptors 9ms (cache hit)
175 silly packumentCache full:https://registry.npmjs.org/merge-descriptors set size:16527 disposed:false
176 http cache https://registry.npmjs.org/content-disposition 10ms (cache hit)
177 silly packumentCache full:https://registry.npmjs.org/content-disposition set size:34469 disposed:false
178 http cache https://registry.npmjs.org/whatwg-url 8ms (cache hit)
179 silly packumentCache full:https://registry.npmjs.org/whatwg-url set size:168036 disposed:false
180 silly placeDep ROOT object-assign@4.1.1 OK for: cors@2.8.6 want: ^4
181 silly placeDep ROOT vary@1.1.2 OK for: cors@2.8.6 want: ^1
182 silly placeDep ROOT accepts@1.3.8 OK for: express@4.22.1 want: ~1.3.8
183 silly placeDep ROOT array-flatten@1.1.1 OK for: express@4.22.1 want: 1.1.1
184 silly placeDep ROOT body-parser@1.20.4 OK for: express@4.22.1 want: ~1.20.3
185 silly placeDep ROOT content-disposition@0.5.4 OK for: express@4.22.1 want: ~0.5.4
186 silly placeDep ROOT content-type@1.0.5 OK for: express@4.22.1 want: ~1.0.4
187 silly placeDep ROOT cookie@0.7.2 OK for: express@4.22.1 want: ~0.7.1
188 silly placeDep ROOT cookie-signature@1.0.7 OK for: express@4.22.1 want: ~1.0.6
189 silly placeDep ROOT debug@2.6.9 OK for: express@4.22.1 want: 2.6.9
190 silly placeDep ROOT depd@2.0.0 OK for: express@4.22.1 want: 2.0.0
191 silly placeDep ROOT encodeurl@2.0.0 OK for: express@4.22.1 want: ~2.0.0
192 silly placeDep ROOT escape-html@1.0.3 OK for: express@4.22.1 want: ~1.0.3
193 silly placeDep ROOT etag@1.8.1 OK for: express@4.22.1 want: ~1.8.1
194 silly placeDep ROOT finalhandler@1.3.2 OK for: express@4.22.1 want: ~1.3.1
195 silly placeDep ROOT fresh@0.5.2 OK for: express@4.22.1 want: ~0.5.2
196 silly placeDep ROOT http-errors@2.0.1 OK for: express@4.22.1 want: ~2.0.0
197 silly placeDep ROOT merge-descriptors@1.0.3 OK for: express@4.22.1 want: 1.0.3
198 silly placeDep ROOT methods@1.1.2 OK for: express@4.22.1 want: ~1.1.2
199 silly placeDep ROOT on-finished@2.4.1 OK for: express@4.22.1 want: ~2.4.1
200 silly placeDep ROOT parseurl@1.3.3 OK for: express@4.22.1 want: ~1.3.3
201 silly placeDep ROOT path-to-regexp@0.1.12 OK for: express@4.22.1 want: ~0.1.12
202 silly placeDep ROOT proxy-addr@2.0.7 OK for: express@4.22.1 want: ~2.0.7
203 silly placeDep ROOT qs@6.14.2 OK for: express@4.22.1 want: ~6.14.0
204 silly placeDep ROOT range-parser@1.2.1 OK for: express@4.22.1 want: ~1.2.1
205 silly placeDep ROOT safe-buffer@5.2.1 OK for: express@4.22.1 want: 5.2.1
206 silly placeDep ROOT send@0.19.2 OK for: express@4.22.1 want: ~0.19.0
207 silly placeDep ROOT serve-static@1.16.3 OK for: express@4.22.1 want: ~1.16.2
208 silly placeDep ROOT setprototypeof@1.2.0 OK for: express@4.22.1 want: 1.2.0
209 silly placeDep ROOT statuses@2.0.2 OK for: express@4.22.1 want: ~2.0.1
210 silly placeDep ROOT type-is@1.6.18 OK for: express@4.22.1 want: ~1.6.18
211 silly placeDep ROOT utils-merge@1.0.1 OK for: express@4.22.1 want: 1.0.1
212 silly fetch manifest mime-types@~2.1.34
213 silly packumentCache full:https://registry.npmjs.org/mime-types cache-miss
214 silly fetch manifest negotiator@0.6.3
215 silly packumentCache full:https://registry.npmjs.org/negotiator cache-miss
216 silly fetch manifest bytes@~3.1.2
217 silly packumentCache full:https://registry.npmjs.org/bytes cache-miss
218 silly fetch manifest unpipe@~1.0.0
219 silly packumentCache full:https://registry.npmjs.org/unpipe cache-miss
220 silly fetch manifest destroy@~1.2.0
221 silly packumentCache full:https://registry.npmjs.org/destroy cache-miss
222 silly fetch manifest raw-body@~2.5.3
223 silly packumentCache full:https://registry.npmjs.org/raw-body cache-miss
224 silly fetch manifest iconv-lite@~0.4.24
225 silly packumentCache full:https://registry.npmjs.org/iconv-lite cache-miss
226 silly fetch manifest http-errors@~2.0.1
227 silly packumentCache full:https://registry.npmjs.org/http-errors cache-hit
228 silly fetch manifest content-type@~1.0.5
229 silly packumentCache full:https://registry.npmjs.org/content-type cache-hit
230 silly fetch manifest ms@2.0.0
231 silly packumentCache full:https://registry.npmjs.org/ms cache-miss
232 silly fetch manifest unpipe@~1.0.0
233 silly packumentCache full:https://registry.npmjs.org/unpipe cache-miss
234 http cache https://registry.npmjs.org/negotiator 5ms (cache hit)
235 silly packumentCache full:https://registry.npmjs.org/negotiator set size:48046 disposed:false
236 silly fetch manifest statuses@~2.0.2
237 silly packumentCache full:https://registry.npmjs.org/statuses cache-hit
238 silly fetch manifest inherits@~2.0.4
239 silly packumentCache full:https://registry.npmjs.org/inherits cache-miss
240 http cache https://registry.npmjs.org/unpipe 6ms (cache hit)
241 silly packumentCache full:https://registry.npmjs.org/unpipe set size:3609 disposed:false
242 silly fetch manifest setprototypeof@~1.2.0
243 silly packumentCache full:https://registry.npmjs.org/setprototypeof cache-hit
244 silly fetch manifest toidentifier@~1.0.1
245 silly packumentCache full:https://registry.npmjs.org/toidentifier cache-miss
246 http cache https://registry.npmjs.org/mime-types 6ms (cache hit)
247 silly packumentCache full:https://registry.npmjs.org/mime-types set size:139110 disposed:false
248 silly fetch manifest ee-first@1.1.1
249 silly packumentCache full:https://registry.npmjs.org/ee-first cache-miss
250 http cache https://registry.npmjs.org/destroy 11ms (cache hit)
251 silly packumentCache full:https://registry.npmjs.org/destroy set size:15738 disposed:false
252 silly fetch manifest forwarded@0.2.0
253 silly packumentCache full:https://registry.npmjs.org/forwarded cache-miss
254 http cache https://registry.npmjs.org/unpipe 11ms (cache hit)
255 silly packumentCache full:https://registry.npmjs.org/unpipe set size:3609 disposed:false
256 silly packumentCache full:https://registry.npmjs.org/unpipe dispose
257 silly fetch manifest ipaddr.js@1.9.1
258 silly packumentCache full:https://registry.npmjs.org/ipaddr.js cache-miss
259 http cache https://registry.npmjs.org/bytes 13ms (cache hit)
260 silly packumentCache full:https://registry.npmjs.org/bytes set size:37018 disposed:false
261 silly fetch manifest side-channel@^1.1.0
262 silly packumentCache full:https://registry.npmjs.org/side-channel cache-miss
263 http cache https://registry.npmjs.org/ms 13ms (cache hit)
264 silly packumentCache full:https://registry.npmjs.org/ms set size:92208 disposed:false
265 silly fetch manifest ms@2.1.3
266 silly packumentCache full:https://registry.npmjs.org/ms cache-hit
267 silly fetch manifest mime@1.6.0
268 silly packumentCache full:https://registry.npmjs.org/mime cache-miss
269 http cache https://registry.npmjs.org/iconv-lite 15ms (cache hit)
270 silly packumentCache full:https://registry.npmjs.org/iconv-lite set size:120557 disposed:false
271 silly fetch manifest destroy@1.2.0
272 silly packumentCache full:https://registry.npmjs.org/destroy cache-hit
273 silly fetch manifest mime-types@~2.1.24
274 silly packumentCache full:https://registry.npmjs.org/mime-types cache-hit
275 silly fetch manifest media-typer@0.3.0
276 silly packumentCache full:https://registry.npmjs.org/media-typer cache-miss
277 http cache https://registry.npmjs.org/raw-body 18ms (cache hit)
278 silly packumentCache full:https://registry.npmjs.org/raw-body set size:117822 disposed:false
279 http cache https://registry.npmjs.org/ee-first 11ms (cache hit)
280 silly packumentCache full:https://registry.npmjs.org/ee-first set size:15327 disposed:false
281 http cache https://registry.npmjs.org/forwarded 11ms (cache hit)
282 silly packumentCache full:https://registry.npmjs.org/forwarded set size:11229 disposed:false
283 http cache https://registry.npmjs.org/inherits 17ms (cache hit)
284 silly packumentCache full:https://registry.npmjs.org/inherits set size:12925 disposed:false
285 http cache https://registry.npmjs.org/toidentifier 18ms (cache hit)
286 silly packumentCache full:https://registry.npmjs.org/toidentifier set size:12006 disposed:false
287 http cache https://registry.npmjs.org/media-typer 8ms (cache hit)
288 silly packumentCache full:https://registry.npmjs.org/media-typer set size:20873 disposed:false
289 http cache https://registry.npmjs.org/ipaddr.js 12ms (cache hit)
290 silly packumentCache full:https://registry.npmjs.org/ipaddr.js set size:67857 disposed:false
291 http cache https://registry.npmjs.org/mime 10ms (cache hit)
292 silly packumentCache full:https://registry.npmjs.org/mime set size:119236 disposed:false
293 http cache https://registry.npmjs.org/side-channel 12ms (cache hit)
294 silly packumentCache full:https://registry.npmjs.org/side-channel set size:24660 disposed:false
295 silly placeDep ROOT mime-types@2.1.35 OK for: accepts@1.3.8 want: ~2.1.34
296 silly placeDep ROOT negotiator@0.6.3 OK for: accepts@1.3.8 want: 0.6.3
297 silly fetch manifest mime-db@1.52.0
298 silly packumentCache full:https://registry.npmjs.org/mime-db cache-miss
299 http cache https://registry.npmjs.org/mime-db 5ms (cache hit)
300 silly packumentCache full:https://registry.npmjs.org/mime-db set size:164953 disposed:false
301 silly placeDep ROOT bytes@3.1.2 OK for: body-parser@1.20.4 want: ~3.1.2
302 silly placeDep ROOT destroy@1.2.0 OK for: body-parser@1.20.4 want: ~1.2.0
303 silly placeDep ROOT iconv-lite@0.4.24 OK for: body-parser@1.20.4 want: ~0.4.24
304 silly placeDep ROOT raw-body@2.5.3 OK for: body-parser@1.20.4 want: ~2.5.3
305 silly placeDep ROOT unpipe@1.0.0 OK for: body-parser@1.20.4 want: ~1.0.0
306 silly fetch manifest safer-buffer@>= 2.1.2 < 3
307 silly packumentCache full:https://registry.npmjs.org/safer-buffer cache-miss
308 http cache https://registry.npmjs.org/safer-buffer 1ms (cache hit)
309 silly packumentCache full:https://registry.npmjs.org/safer-buffer set size:18521 disposed:false
310 silly placeDep ROOT ms@2.0.0 OK for: debug@2.6.9 want: 2.0.0
311 silly placeDep ROOT inherits@2.0.4 OK for: http-errors@2.0.1 want: ~2.0.4
312 silly placeDep ROOT toidentifier@1.0.1 OK for: http-errors@2.0.1 want: ~1.0.1
313 silly placeDep ROOT safer-buffer@2.1.2 OK for: iconv-lite@0.4.24 want: >= 2.1.2 < 3
314 silly placeDep ROOT mime-db@1.52.0 OK for: mime-types@2.1.35 want: 1.52.0
315 silly placeDep ROOT whatwg-url@5.0.0 OK for: node-fetch@2.7.0 want: ^5.0.0
316 silly fetch manifest tr46@~0.0.3
317 silly packumentCache full:https://registry.npmjs.org/tr46 cache-miss
318 silly fetch manifest webidl-conversions@^3.0.0
319 silly packumentCache full:https://registry.npmjs.org/webidl-conversions cache-miss
320 http cache https://registry.npmjs.org/webidl-conversions 3ms (cache hit)
321 silly packumentCache full:https://registry.npmjs.org/webidl-conversions set size:46073 disposed:false
322 http cache https://registry.npmjs.org/tr46 3ms (cache hit)
323 silly packumentCache full:https://registry.npmjs.org/tr46 set size:47377 disposed:false
324 silly placeDep ROOT ee-first@1.1.1 OK for: on-finished@2.4.1 want: 1.1.1
325 silly placeDep ROOT forwarded@0.2.0 OK for: proxy-addr@2.0.7 want: 0.2.0
326 silly placeDep ROOT ipaddr.js@1.9.1 OK for: proxy-addr@2.0.7 want: 1.9.1
327 silly placeDep ROOT side-channel@1.1.0 OK for: qs@6.14.2 want: ^1.1.0
328 silly fetch manifest es-errors@^1.3.0
329 silly packumentCache full:https://registry.npmjs.org/es-errors cache-miss
330 silly fetch manifest object-inspect@^1.13.3
331 silly packumentCache full:https://registry.npmjs.org/object-inspect cache-miss
332 silly fetch manifest side-channel-list@^1.0.0
333 silly packumentCache full:https://registry.npmjs.org/side-channel-list cache-miss
334 silly fetch manifest side-channel-map@^1.0.1
335 silly packumentCache full:https://registry.npmjs.org/side-channel-map cache-miss
336 silly fetch manifest side-channel-weakmap@^1.0.2
337 silly packumentCache full:https://registry.npmjs.org/side-channel-weakmap cache-miss
338 http cache https://registry.npmjs.org/object-inspect 2ms (cache hit)
339 silly packumentCache full:https://registry.npmjs.org/object-inspect set size:101912 disposed:false
340 http cache https://registry.npmjs.org/es-errors 4ms (cache hit)
341 silly packumentCache full:https://registry.npmjs.org/es-errors set size:16918 disposed:false
342 http cache https://registry.npmjs.org/side-channel-map 4ms (cache hit)
343 silly packumentCache full:https://registry.npmjs.org/side-channel-map set size:9126 disposed:false
344 http cache https://registry.npmjs.org/side-channel-weakmap 5ms (cache hit)
345 silly packumentCache full:https://registry.npmjs.org/side-channel-weakmap set size:12620 disposed:false
346 http cache https://registry.npmjs.org/side-channel-list 5ms (cache hit)
347 silly packumentCache full:https://registry.npmjs.org/side-channel-list set size:6005 disposed:false
348 silly placeDep ROOT mime@1.6.0 OK for: send@0.19.2 want: 1.6.0
349 silly placeDep node_modules/send ms@2.1.3 OK for: send@0.19.2 want: 2.1.3
350 silly placeDep ROOT es-errors@1.3.0 OK for: side-channel@1.1.0 want: ^1.3.0
351 silly placeDep ROOT object-inspect@1.13.4 OK for: side-channel@1.1.0 want: ^1.13.3
352 silly placeDep ROOT side-channel-list@1.0.0 OK for: side-channel@1.1.0 want: ^1.0.0
353 silly placeDep ROOT side-channel-map@1.0.1 OK for: side-channel@1.1.0 want: ^1.0.1
354 silly placeDep ROOT side-channel-weakmap@1.0.2 OK for: side-channel@1.1.0 want: ^1.0.2
355 silly fetch manifest call-bound@^1.0.2
356 silly packumentCache full:https://registry.npmjs.org/call-bound cache-miss
357 silly fetch manifest get-intrinsic@^1.2.5
358 silly packumentCache full:https://registry.npmjs.org/get-intrinsic cache-miss
359 silly fetch manifest call-bound@^1.0.2
360 silly packumentCache full:https://registry.npmjs.org/call-bound cache-miss
361 silly fetch manifest get-intrinsic@^1.2.5
362 silly packumentCache full:https://registry.npmjs.org/get-intrinsic cache-miss
363 http cache https://registry.npmjs.org/call-bound 5ms (cache hit)
364 silly packumentCache full:https://registry.npmjs.org/call-bound set size:15317 disposed:false
365 http cache https://registry.npmjs.org/get-intrinsic 5ms (cache hit)
366 silly packumentCache full:https://registry.npmjs.org/get-intrinsic set size:60985 disposed:false
367 http cache https://registry.npmjs.org/call-bound 6ms (cache hit)
368 silly packumentCache full:https://registry.npmjs.org/call-bound set size:15317 disposed:false
369 silly packumentCache full:https://registry.npmjs.org/call-bound dispose
370 http cache https://registry.npmjs.org/get-intrinsic 6ms (cache hit)
371 silly packumentCache full:https://registry.npmjs.org/get-intrinsic set size:60985 disposed:false
372 silly packumentCache full:https://registry.npmjs.org/get-intrinsic dispose
373 silly placeDep ROOT call-bound@1.0.4 OK for: side-channel-map@1.0.1 want: ^1.0.2
374 silly placeDep ROOT get-intrinsic@1.3.0 OK for: side-channel-map@1.0.1 want: ^1.2.5
375 silly fetch manifest call-bind-apply-helpers@^1.0.2
376 silly packumentCache full:https://registry.npmjs.org/call-bind-apply-helpers cache-miss
377 silly fetch manifest get-intrinsic@^1.3.0
378 silly packumentCache full:https://registry.npmjs.org/get-intrinsic cache-hit
379 silly fetch manifest gopd@^1.2.0
380 silly packumentCache full:https://registry.npmjs.org/gopd cache-miss
381 silly fetch manifest hasown@^2.0.2
382 silly packumentCache full:https://registry.npmjs.org/hasown cache-miss
383 silly fetch manifest get-proto@^1.0.1
384 silly packumentCache full:https://registry.npmjs.org/get-proto cache-miss
385 silly fetch manifest has-symbols@^1.1.0
386 silly packumentCache full:https://registry.npmjs.org/has-symbols cache-miss
387 silly fetch manifest function-bind@^1.1.2
388 silly packumentCache full:https://registry.npmjs.org/function-bind cache-miss
389 silly fetch manifest es-object-atoms@^1.1.1
390 silly packumentCache full:https://registry.npmjs.org/es-object-atoms cache-miss
391 silly fetch manifest math-intrinsics@^1.1.0
392 silly packumentCache full:https://registry.npmjs.org/math-intrinsics cache-miss
393 silly fetch manifest es-define-property@^1.0.1
394 silly packumentCache full:https://registry.npmjs.org/es-define-property cache-miss
395 http cache https://registry.npmjs.org/hasown 9ms (cache hit)
396 silly packumentCache full:https://registry.npmjs.org/hasown set size:12476 disposed:false
397 silly fetch manifest call-bind-apply-helpers@^1.0.2
398 silly packumentCache full:https://registry.npmjs.org/call-bind-apply-helpers cache-miss
399 http cache https://registry.npmjs.org/has-symbols 9ms (cache hit)
400 silly packumentCache full:https://registry.npmjs.org/has-symbols set size:21550 disposed:false
401 http cache https://registry.npmjs.org/gopd 10ms (cache hit)
402 silly packumentCache full:https://registry.npmjs.org/gopd set size:11458 disposed:false
403 http cache https://registry.npmjs.org/es-object-atoms 11ms (cache hit)
404 silly packumentCache full:https://registry.npmjs.org/es-object-atoms set size:15304 disposed:false
405 http cache https://registry.npmjs.org/math-intrinsics 11ms (cache hit)
406 silly packumentCache full:https://registry.npmjs.org/math-intrinsics set size:9265 disposed:false
407 http cache https://registry.npmjs.org/es-define-property 11ms (cache hit)
408 silly packumentCache full:https://registry.npmjs.org/es-define-property set size:8542 disposed:false
409 http cache https://registry.npmjs.org/get-proto 15ms (cache hit)
410 silly packumentCache full:https://registry.npmjs.org/get-proto set size:8300 disposed:false
411 http cache https://registry.npmjs.org/call-bind-apply-helpers 16ms (cache hit)
412 silly packumentCache full:https://registry.npmjs.org/call-bind-apply-helpers set size:12744 disposed:false
413 http cache https://registry.npmjs.org/function-bind 17ms (cache hit)
414 silly packumentCache full:https://registry.npmjs.org/function-bind set size:15733 disposed:false
415 http cache https://registry.npmjs.org/call-bind-apply-helpers 10ms (cache hit)
416 silly packumentCache full:https://registry.npmjs.org/call-bind-apply-helpers set size:12744 disposed:false
417 silly packumentCache full:https://registry.npmjs.org/call-bind-apply-helpers dispose
418 silly placeDep ROOT call-bind-apply-helpers@1.0.2 OK for: call-bound@1.0.4 want: ^1.0.2
419 silly placeDep ROOT function-bind@1.1.2 OK for: call-bind-apply-helpers@1.0.2 want: ^1.1.2
420 silly placeDep ROOT es-define-property@1.0.1 OK for: get-intrinsic@1.3.0 want: ^1.0.1
421 silly placeDep ROOT es-object-atoms@1.1.1 OK for: get-intrinsic@1.3.0 want: ^1.1.1
422 silly placeDep ROOT get-proto@1.0.1 OK for: get-intrinsic@1.3.0 want: ^1.0.1
423 silly placeDep ROOT gopd@1.2.0 OK for: get-intrinsic@1.3.0 want: ^1.2.0
424 silly placeDep ROOT has-symbols@1.1.0 OK for: get-intrinsic@1.3.0 want: ^1.1.0
425 silly placeDep ROOT hasown@2.0.2 OK for: get-intrinsic@1.3.0 want: ^2.0.2
426 silly placeDep ROOT math-intrinsics@1.1.0 OK for: get-intrinsic@1.3.0 want: ^1.1.0
427 silly fetch manifest dunder-proto@^1.0.1
428 silly packumentCache full:https://registry.npmjs.org/dunder-proto cache-miss
429 http cache https://registry.npmjs.org/dunder-proto 16ms (cache hit)
430 silly packumentCache full:https://registry.npmjs.org/dunder-proto set size:8256 disposed:false
431 silly placeDep ROOT dunder-proto@1.0.1 OK for: get-proto@1.0.1 want: ^1.0.1
432 silly placeDep ROOT media-typer@0.3.0 OK for: type-is@1.6.18 want: 0.3.0
433 silly placeDep ROOT tr46@0.0.3 OK for: whatwg-url@5.0.0 want: ~0.0.3
434 silly placeDep ROOT webidl-conversions@3.0.1 OK for: whatwg-url@5.0.0 want: ^3.0.0
435 silly reify moves {}
436 silly audit bulk request {
436 silly audit   cors: [ '2.8.6' ],
436 silly audit   dotenv: [ '16.6.1' ],
436 silly audit   express: [ '4.22.1' ],
436 silly audit   'node-fetch': [ '2.7.0' ],
436 silly audit   'sql.js': [ '1.14.0' ],
436 silly audit   'object-assign': [ '4.1.1' ],
436 silly audit   vary: [ '1.1.2' ],
436 silly audit   accepts: [ '1.3.8' ],
436 silly audit   'array-flatten': [ '1.1.1' ],
436 silly audit   'body-parser': [ '1.20.4' ],
436 silly audit   'content-disposition': [ '0.5.4' ],
436 silly audit   'content-type': [ '1.0.5' ],
436 silly audit   cookie: [ '0.7.2' ],
436 silly audit   'cookie-signature': [ '1.0.7' ],
436 silly audit   debug: [ '2.6.9' ],
436 silly audit   depd: [ '2.0.0' ],
436 silly audit   encodeurl: [ '2.0.0' ],
436 silly audit   'escape-html': [ '1.0.3' ],
436 silly audit   etag: [ '1.8.1' ],
436 silly audit   finalhandler: [ '1.3.2' ],
436 silly audit   fresh: [ '0.5.2' ],
436 silly audit   'http-errors': [ '2.0.1' ],
436 silly audit   'merge-descriptors': [ '1.0.3' ],
436 silly audit   methods: [ '1.1.2' ],
436 silly audit   'on-finished': [ '2.4.1' ],
436 silly audit   parseurl: [ '1.3.3' ],
436 silly audit   'path-to-regexp': [ '0.1.12' ],
436 silly audit   'proxy-addr': [ '2.0.7' ],
436 silly audit   qs: [ '6.14.2' ],
436 silly audit   'range-parser': [ '1.2.1' ],
436 silly audit   'safe-buffer': [ '5.2.1' ],
436 silly audit   send: [ '0.19.2' ],
436 silly audit   'serve-static': [ '1.16.3' ],
436 silly audit   setprototypeof: [ '1.2.0' ],
436 silly audit   statuses: [ '2.0.2' ],
436 silly audit   'type-is': [ '1.6.18' ],
436 silly audit   'utils-merge': [ '1.0.1' ],
436 silly audit   'mime-types': [ '2.1.35' ],
436 silly audit   negotiator: [ '0.6.3' ],
436 silly audit   bytes: [ '3.1.2' ],
436 silly audit   destroy: [ '1.2.0' ],
436 silly audit   'iconv-lite': [ '0.4.24' ],
436 silly audit   'raw-body': [ '2.5.3' ],
436 silly audit   unpipe: [ '1.0.0' ],
436 silly audit   ms: [ '2.0.0', '2.1.3' ],
436 silly audit   inherits: [ '2.0.4' ],
436 silly audit   toidentifier: [ '1.0.1' ],
436 silly audit   'safer-buffer': [ '2.1.2' ],
436 silly audit   'mime-db': [ '1.52.0' ],
436 silly audit   'whatwg-url': [ '5.0.0' ],
436 silly audit   'ee-first': [ '1.1.1' ],
436 silly audit   forwarded: [ '0.2.0' ],
436 silly audit   'ipaddr.js': [ '1.9.1' ],
436 silly audit   'side-channel': [ '1.1.0' ],
436 silly audit   mime: [ '1.6.0' ],
436 silly audit   'es-errors': [ '1.3.0' ],
436 silly audit   'object-inspect': [ '1.13.4' ],
436 silly audit   'side-channel-list': [ '1.0.0' ],
436 silly audit   'side-channel-map': [ '1.0.1' ],
436 silly audit   'side-channel-weakmap': [ '1.0.2' ],
436 silly audit   'call-bound': [ '1.0.4' ],
436 silly audit   'get-intrinsic': [ '1.3.0' ],
436 silly audit   'call-bind-apply-helpers': [ '1.0.2' ],
436 silly audit   'function-bind': [ '1.1.2' ],
436 silly audit   'es-define-property': [ '1.0.1' ],
436 silly audit   'es-object-atoms': [ '1.1.1' ],
436 silly audit   'get-proto': [ '1.0.1' ],
436 silly audit   gopd: [ '1.2.0' ],
436 silly audit   'has-symbols': [ '1.1.0' ],
436 silly audit   hasown: [ '2.0.2' ],
436 silly audit   'math-intrinsics': [ '1.1.0' ],
436 silly audit   'dunder-proto': [ '1.0.1' ],
436 silly audit   'media-typer': [ '0.3.0' ],
436 silly audit   tr46: [ '0.0.3' ],
436 silly audit   'webidl-conversions': [ '3.0.1' ]
436 silly audit }
437 http cache webidl-conversions@https://registry.npmjs.org/webidl-conversions/-/webidl-conversions-3.0.1.tgz 0ms (cache hit)
438 http cache media-typer@https://registry.npmjs.org/media-typer/-/media-typer-0.3.0.tgz 0ms (cache hit)
439 http cache math-intrinsics@https://registry.npmjs.org/math-intrinsics/-/math-intrinsics-1.1.0.tgz 0ms (cache hit)
440 http cache hasown@https://registry.npmjs.org/hasown/-/hasown-2.0.2.tgz 0ms (cache hit)
441 http cache tr46@https://registry.npmjs.org/tr46/-/tr46-0.0.3.tgz 0ms (cache hit)
442 http cache dunder-proto@https://registry.npmjs.org/dunder-proto/-/dunder-proto-1.0.1.tgz 0ms (cache hit)
443 http cache has-symbols@https://registry.npmjs.org/has-symbols/-/has-symbols-1.1.0.tgz 0ms (cache hit)
444 http cache gopd@https://registry.npmjs.org/gopd/-/gopd-1.2.0.tgz 0ms (cache hit)
445 http cache es-object-atoms@https://registry.npmjs.org/es-object-atoms/-/es-object-atoms-1.1.1.tgz 0ms (cache hit)
446 http cache function-bind@https://registry.npmjs.org/function-bind/-/function-bind-1.1.2.tgz 0ms (cache hit)
447 http cache call-bind-apply-helpers@https://registry.npmjs.org/call-bind-apply-helpers/-/call-bind-apply-helpers-1.0.2.tgz 0ms (cache hit)
448 http cache get-proto@https://registry.npmjs.org/get-proto/-/get-proto-1.0.1.tgz 0ms (cache hit)
449 http cache es-define-property@https://registry.npmjs.org/es-define-property/-/es-define-property-1.0.1.tgz 0ms (cache hit)
450 http cache get-intrinsic@https://registry.npmjs.org/get-intrinsic/-/get-intrinsic-1.3.0.tgz 0ms (cache hit)
451 http cache side-channel-weakmap@https://registry.npmjs.org/side-channel-weakmap/-/side-channel-weakmap-1.0.2.tgz 0ms (cache hit)
452 http cache call-bound@https://registry.npmjs.org/call-bound/-/call-bound-1.0.4.tgz 0ms (cache hit)
453 http cache side-channel-map@https://registry.npmjs.org/side-channel-map/-/side-channel-map-1.0.1.tgz 0ms (cache hit)
454 http cache side-channel-list@https://registry.npmjs.org/side-channel-list/-/side-channel-list-1.0.0.tgz 0ms (cache hit)
455 http cache es-errors@https://registry.npmjs.org/es-errors/-/es-errors-1.3.0.tgz 0ms (cache hit)
456 http cache mime@https://registry.npmjs.org/mime/-/mime-1.6.0.tgz 0ms (cache hit)
457 http cache ipaddr.js@https://registry.npmjs.org/ipaddr.js/-/ipaddr.js-1.9.1.tgz 0ms (cache hit)
458 http cache side-channel@https://registry.npmjs.org/side-channel/-/side-channel-1.1.0.tgz 0ms (cache hit)
459 http cache forwarded@https://registry.npmjs.org/forwarded/-/forwarded-0.2.0.tgz 0ms (cache hit)
460 http cache ee-first@https://registry.npmjs.org/ee-first/-/ee-first-1.1.1.tgz 0ms (cache hit)
461 http cache object-inspect@https://registry.npmjs.org/object-inspect/-/object-inspect-1.13.4.tgz 0ms (cache hit)
462 http cache whatwg-url@https://registry.npmjs.org/whatwg-url/-/whatwg-url-5.0.0.tgz 0ms (cache hit)
463 http cache mime-db@https://registry.npmjs.org/mime-db/-/mime-db-1.52.0.tgz 0ms (cache hit)
464 http cache safer-buffer@https://registry.npmjs.org/safer-buffer/-/safer-buffer-2.1.2.tgz 0ms (cache hit)
465 http cache toidentifier@https://registry.npmjs.org/toidentifier/-/toidentifier-1.0.1.tgz 0ms (cache hit)
466 http cache inherits@https://registry.npmjs.org/inherits/-/inherits-2.0.4.tgz 0ms (cache hit)
467 http cache raw-body@https://registry.npmjs.org/raw-body/-/raw-body-2.5.3.tgz 0ms (cache hit)
468 http cache iconv-lite@https://registry.npmjs.org/iconv-lite/-/iconv-lite-0.4.24.tgz 0ms (cache hit)
469 http cache ms@https://registry.npmjs.org/ms/-/ms-2.0.0.tgz 0ms (cache hit)
470 http cache destroy@https://registry.npmjs.org/destroy/-/destroy-1.2.0.tgz 0ms (cache hit)
471 http cache bytes@https://registry.npmjs.org/bytes/-/bytes-3.1.2.tgz 0ms (cache hit)
472 http cache unpipe@https://registry.npmjs.org/unpipe/-/unpipe-1.0.0.tgz 0ms (cache hit)
473 http cache mime-types@https://registry.npmjs.org/mime-types/-/mime-types-2.1.35.tgz 0ms (cache hit)
474 http cache negotiator@https://registry.npmjs.org/negotiator/-/negotiator-0.6.3.tgz 0ms (cache hit)
475 http cache utils-merge@https://registry.npmjs.org/utils-merge/-/utils-merge-1.0.1.tgz 0ms (cache hit)
476 http cache setprototypeof@https://registry.npmjs.org/setprototypeof/-/setprototypeof-1.2.0.tgz 0ms (cache hit)
477 http cache statuses@https://registry.npmjs.org/statuses/-/statuses-2.0.2.tgz 0ms (cache hit)
478 http cache send@https://registry.npmjs.org/send/-/send-0.19.2.tgz 0ms (cache hit)
479 http cache safe-buffer@https://registry.npmjs.org/safe-buffer/-/safe-buffer-5.2.1.tgz 0ms (cache hit)
480 http cache range-parser@https://registry.npmjs.org/range-parser/-/range-parser-1.2.1.tgz 0ms (cache hit)
481 http cache path-to-regexp@https://registry.npmjs.org/path-to-regexp/-/path-to-regexp-0.1.12.tgz 0ms (cache hit)
482 http cache proxy-addr@https://registry.npmjs.org/proxy-addr/-/proxy-addr-2.0.7.tgz 0ms (cache hit)
483 http cache serve-static@https://registry.npmjs.org/serve-static/-/serve-static-1.16.3.tgz 0ms (cache hit)
484 http cache parseurl@https://registry.npmjs.org/parseurl/-/parseurl-1.3.3.tgz 0ms (cache hit)
485 http cache qs@https://registry.npmjs.org/qs/-/qs-6.14.2.tgz 0ms (cache hit)
486 http cache on-finished@https://registry.npmjs.org/on-finished/-/on-finished-2.4.1.tgz 0ms (cache hit)
487 http cache methods@https://registry.npmjs.org/methods/-/methods-1.1.2.tgz 0ms (cache hit)
488 http cache merge-descriptors@https://registry.npmjs.org/merge-descriptors/-/merge-descriptors-1.0.3.tgz 0ms (cache hit)
489 http cache fresh@https://registry.npmjs.org/fresh/-/fresh-0.5.2.tgz 0ms (cache hit)
490 http cache finalhandler@https://registry.npmjs.org/finalhandler/-/finalhandler-1.3.2.tgz 0ms (cache hit)
491 http cache etag@https://registry.npmjs.org/etag/-/etag-1.8.1.tgz 0ms (cache hit)
492 http cache encodeurl@https://registry.npmjs.org/encodeurl/-/encodeurl-2.0.0.tgz 0ms (cache hit)
493 http cache depd@https://registry.npmjs.org/depd/-/depd-2.0.0.tgz 0ms (cache hit)
494 http cache debug@https://registry.npmjs.org/debug/-/debug-2.6.9.tgz 0ms (cache hit)
495 http cache http-errors@https://registry.npmjs.org/http-errors/-/http-errors-2.0.1.tgz 0ms (cache hit)
496 http cache cookie-signature@https://registry.npmjs.org/cookie-signature/-/cookie-signature-1.0.7.tgz 0ms (cache hit)
497 http cache cookie@https://registry.npmjs.org/cookie/-/cookie-0.7.2.tgz 0ms (cache hit)
498 http cache content-type@https://registry.npmjs.org/content-type/-/content-type-1.0.5.tgz 0ms (cache hit)
499 http cache content-disposition@https://registry.npmjs.org/content-disposition/-/content-disposition-0.5.4.tgz 0ms (cache hit)
500 http cache body-parser@https://registry.npmjs.org/body-parser/-/body-parser-1.20.4.tgz 0ms (cache hit)
501 http cache escape-html@https://registry.npmjs.org/escape-html/-/escape-html-1.0.3.tgz 0ms (cache hit)
502 http cache array-flatten@https://registry.npmjs.org/array-flatten/-/array-flatten-1.1.1.tgz 0ms (cache hit)
503 http cache accepts@https://registry.npmjs.org/accepts/-/accepts-1.3.8.tgz 0ms (cache hit)
504 http cache vary@https://registry.npmjs.org/vary/-/vary-1.1.2.tgz 0ms (cache hit)
505 http cache object-assign@https://registry.npmjs.org/object-assign/-/object-assign-4.1.1.tgz 0ms (cache hit)
506 http cache sql.js@https://registry.npmjs.org/sql.js/-/sql.js-1.14.0.tgz 0ms (cache hit)
507 http cache node-fetch@https://registry.npmjs.org/node-fetch/-/node-fetch-2.7.0.tgz 0ms (cache hit)
508 http cache dotenv@https://registry.npmjs.org/dotenv/-/dotenv-16.6.1.tgz 0ms (cache hit)
509 http cache express@https://registry.npmjs.org/express/-/express-4.22.1.tgz 0ms (cache hit)
510 http cache cors@https://registry.npmjs.org/cors/-/cors-2.8.6.tgz 0ms (cache hit)
511 http cache type-is@https://registry.npmjs.org/type-is/-/type-is-1.6.18.tgz 0ms (cache hit)
512 http cache ms@https://registry.npmjs.org/ms/-/ms-2.1.3.tgz 0ms (cache hit)
513 silly tarball no local data for sql.js@https://registry.npmjs.org/sql.js/-/sql.js-1.14.0.tgz. Extracting by manifest.
514 http fetch POST 200 https://registry.npmjs.org/-/npm/v1/security/advisories/bulk 135ms
515 silly audit report {}
516 http fetch GET 200 https://registry.npmjs.org/sql.js/-/sql.js-1.14.0.tgz 377ms (cache miss)
517 silly ADD node_modules/webidl-conversions
518 silly ADD node_modules/tr46
519 silly ADD node_modules/media-typer
520 silly ADD node_modules/dunder-proto
521 silly ADD node_modules/math-intrinsics
522 silly ADD node_modules/hasown
523 silly ADD node_modules/has-symbols
524 silly ADD node_modules/gopd
525 silly ADD node_modules/get-proto
526 silly ADD node_modules/es-object-atoms
527 silly ADD node_modules/es-define-property
528 silly ADD node_modules/function-bind
529 silly ADD node_modules/call-bind-apply-helpers
530 silly ADD node_modules/get-intrinsic
531 silly ADD node_modules/call-bound
532 silly ADD node_modules/side-channel-weakmap
533 silly ADD node_modules/side-channel-map
534 silly ADD node_modules/side-channel-list
535 silly ADD node_modules/object-inspect
536 silly ADD node_modules/es-errors
537 silly ADD node_modules/mime
538 silly ADD node_modules/side-channel
539 silly ADD node_modules/ipaddr.js
540 silly ADD node_modules/forwarded
541 silly ADD node_modules/ee-first
542 silly ADD node_modules/whatwg-url
543 silly ADD node_modules/mime-db
544 silly ADD node_modules/safer-buffer
545 silly ADD node_modules/toidentifier
546 silly ADD node_modules/inherits
547 silly ADD node_modules/ms
548 silly ADD node_modules/unpipe
549 silly ADD node_modules/raw-body
550 silly ADD node_modules/iconv-lite
551 silly ADD node_modules/destroy
552 silly ADD node_modules/bytes
553 silly ADD node_modules/negotiator
554 silly ADD node_modules/mime-types
555 silly ADD node_modules/utils-merge
556 silly ADD node_modules/type-is
557 silly ADD node_modules/statuses
558 silly ADD node_modules/setprototypeof
559 silly ADD node_modules/serve-static
560 silly ADD node_modules/send
561 silly ADD node_modules/send/node_modules/ms
562 silly ADD node_modules/safe-buffer
563 silly ADD node_modules/range-parser
564 silly ADD node_modules/qs
565 silly ADD node_modules/proxy-addr
566 silly ADD node_modules/path-to-regexp
567 silly ADD node_modules/parseurl
568 silly ADD node_modules/on-finished
569 silly ADD node_modules/methods
570 silly ADD node_modules/merge-descriptors
571 silly ADD node_modules/http-errors
572 silly ADD node_modules/fresh
573 silly ADD node_modules/finalhandler
574 silly ADD node_modules/etag
575 silly ADD node_modules/escape-html
576 silly ADD node_modules/encodeurl
577 silly ADD node_modules/depd
578 silly ADD node_modules/debug
579 silly ADD node_modules/cookie-signature
580 silly ADD node_modules/cookie
581 silly ADD node_modules/content-type
582 silly ADD node_modules/content-disposition
583 silly ADD node_modules/body-parser
584 silly ADD node_modules/array-flatten
585 silly ADD node_modules/accepts
586 silly ADD node_modules/vary
587 silly ADD node_modules/object-assign
588 silly ADD node_modules/sql.js
589 silly ADD node_modules/node-fetch
590 silly ADD node_modules/express
591 silly ADD node_modules/dotenv
592 silly ADD node_modules/cors
593 verbose cwd /Users/collab/dealflow
594 verbose os Darwin 24.6.0
595 verbose node v24.13.1
596 verbose npm  v11.8.0
597 verbose exit 0
598 info ok
